{'valid': False,
 'errors': [{'instanceLocation': '',
             'keywordLocation': '/properties',
             'absoluteKeywordLocation': 'https://my.domain.com/rev00/tree#/properties',
             'error': "Properties ['root'] are invalid"},
            {'instanceLocation': '/root',
             'keywordLocation': '/properties/root/$ref/oneOf',
             'absoluteKeywordLocation': 'https://my.domain.com/rev00/tree#/$defs/node/oneOf',
             'error': 'The instance must be valid against exactly one '
                      'subschema; it is valid against [] and invalid against '
                      '[0, 1, 2, 3]'},
            {'instanceLocation': '/root',
             'keywordLocation': '/properties/root/$ref/oneOf/0/$ref/required',
             'absoluteKeywordLocation': 'https://my.domain.com/rev00/tree#/$defs/leafA/required',
             'error': 'The object is missing required properties '
                      "['leafAProperty']"},
            {'instanceLocation': '/root',
             'keywordLocation': '/properties/root/$ref/oneOf/0/$ref/properties',
             'absoluteKeywordLocation': 'https://my.domain.com/rev00/tree#/$defs/leafA/properties',
             'error': "Properties ['type'] are invalid"},
            {'instanceLocation': '/root/type',
             'keywordLocation': '/properties/root/$ref/oneOf/0/$ref/properties/type/const',
             'absoluteKeywordLocation': 'https://my.domain.com/rev00/tree#/$defs/leafA/properties/type/const',
             'error': 'The instance value must be equal to the defined '
                      'constant'},
            {'instanceLocation': '/root',
             'keywordLocation': '/properties/root/$ref/oneOf/1/$ref/properties',
             'absoluteKeywordLocation': 'https://my.domain.com/rev00/tree#/$defs/leafB/properties',
             'error': "Properties ['type'] are invalid"},
            {'instanceLocation': '/root/type',
             'keywordLocation': '/properties/root/$ref/oneOf/1/$ref/properties/type/const',
             'absoluteKeywordLocation': 'https://my.domain.com/rev00/tree#/$defs/leafB/properties/type/const',
             'error': 'The instance value must be equal to the defined '
                      'constant'},
            {'instanceLocation': '/root',
             'keywordLocation': '/properties/root/$ref/oneOf/2/$ref/allOf',
             'absoluteKeywordLocation': 'https://my.domain.com/rev00/tree#/$defs/containerA/allOf',
             'error': 'The instance is invalid against subschemas [0]'},
            {'instanceLocation': '/root',
             'keywordLocation': '/properties/root/$ref/oneOf/2/$ref/allOf/0/$ref/properties',
             'absoluteKeywordLocation': 'https://my.domain.com/rev00/tree#/$defs/_container/properties',
             'error': "Properties ['children'] are invalid"},
            {'instanceLocation': '/root/children',
             'keywordLocation': '/properties/root/$ref/oneOf/2/$ref/allOf/0/$ref/properties/children/additionalProperties',
             'absoluteKeywordLocation': 'https://my.domain.com/rev00/tree#/$defs/_container/properties/children/additionalProperties',
             'error': ['child2']},
            {'instanceLocation': '/root/children/child2',
             'keywordLocation': '/properties/root/$ref/oneOf/2/$ref/allOf/0/$ref/properties/children/additionalProperties/$ref/oneOf',
             'absoluteKeywordLocation': 'https://my.domain.com/rev00/tree#/$defs/node/oneOf',
             'error': 'The instance must be valid against exactly one '
                      'subschema; it is valid against [] and invalid against '
                      '[0, 1, 2, 3]'},
            {'instanceLocation': '/root/children/child2',
             'keywordLocation': '/properties/root/$ref/oneOf/2/$ref/allOf/0/$ref/properties/children/additionalProperties/$ref/oneOf/0/$ref/required',
             'absoluteKeywordLocation': 'https://my.domain.com/rev00/tree#/$defs/leafA/required',
             'error': 'The object is missing required properties '
                      "['leafAProperty']"},
            {'instanceLocation': '/root/children/child2',
             'keywordLocation': '/properties/root/$ref/oneOf/2/$ref/allOf/0/$ref/properties/children/additionalProperties/$ref/oneOf/0/$ref/properties',
             'absoluteKeywordLocation': 'https://my.domain.com/rev00/tree#/$defs/leafA/properties',
             'error': "Properties ['type'] are invalid"},
            {'instanceLocation': '/root/children/child2/type',
             'keywordLocation': '/properties/root/$ref/oneOf/2/$ref/allOf/0/$ref/properties/children/additionalProperties/$ref/oneOf/0/$ref/properties/type/const',
             'absoluteKeywordLocation': 'https://my.domain.com/rev00/tree#/$defs/leafA/properties/type/const',
             'error': 'The instance value must be equal to the defined '
                      'constant'},
            {'instanceLocation': '/root/children/child2',
             'keywordLocation': '/properties/root/$ref/oneOf/2/$ref/allOf/0/$ref/properties/children/additionalProperties/$ref/oneOf/1/$ref/properties',
             'absoluteKeywordLocation': 'https://my.domain.com/rev00/tree#/$defs/leafB/properties',
             'error': "Properties ['type'] are invalid"},
            {'instanceLocation': '/root/children/child2/type',
             'keywordLocation': '/properties/root/$ref/oneOf/2/$ref/allOf/0/$ref/properties/children/additionalProperties/$ref/oneOf/1/$ref/properties/type/const',
             'absoluteKeywordLocation': 'https://my.domain.com/rev00/tree#/$defs/leafB/properties/type/const',
             'error': 'The instance value must be equal to the defined '
                      'constant'},
            {'instanceLocation': '/root/children/child2',
             'keywordLocation': '/properties/root/$ref/oneOf/2/$ref/allOf/0/$ref/properties/children/additionalProperties/$ref/oneOf/2/$ref/allOf',
             'absoluteKeywordLocation': 'https://my.domain.com/rev00/tree#/$defs/containerA/allOf',
             'error': 'The instance is invalid against subschemas [0]'},
            {'instanceLocation': '/root/children/child2',
             'keywordLocation': '/properties/root/$ref/oneOf/2/$ref/allOf/0/$ref/properties/children/additionalProperties/$ref/oneOf/2/$ref/allOf/0/$ref/properties',
             'absoluteKeywordLocation': 'https://my.domain.com/rev00/tree#/$defs/_container/properties',
             'error': "Properties ['children'] are invalid"},
            {'instanceLocation': '/root/children/child2/children',
             'keywordLocation': '/properties/root/$ref/oneOf/2/$ref/allOf/0/$ref/properties/children/additionalProperties/$ref/oneOf/2/$ref/allOf/0/$ref/properties/children/additionalProperties',
             'absoluteKeywordLocation': 'https://my.domain.com/rev00/tree#/$defs/_container/properties/children/additionalProperties',
             'error': ['grandkid']},
            {'instanceLocation': '/root/children/child2/children/grandkid',
             'keywordLocation': '/properties/root/$ref/oneOf/2/$ref/allOf/0/$ref/properties/children/additionalProperties/$ref/oneOf/2/$ref/allOf/0/$ref/properties/children/additionalProperties/$ref/oneOf',
             'absoluteKeywordLocation': 'https://my.domain.com/rev00/tree#/$defs/node/oneOf',
             'error': 'The instance must be valid against exactly one '
                      'subschema; it is valid against [] and invalid against '
                      '[0, 1, 2, 3]'},
            {'instanceLocation': '/root/children/child2/children/grandkid',
             'keywordLocation': '/properties/root/$ref/oneOf/2/$ref/allOf/0/$ref/properties/children/additionalProperties/$ref/oneOf/2/$ref/allOf/0/$ref/properties/children/additionalProperties/$ref/oneOf/0/$ref/required',
             'absoluteKeywordLocation': 'https://my.domain.com/rev00/tree#/$defs/leafA/required',
             'error': 'The object is missing required properties '
                      "['leafAProperty']"},
            {'instanceLocation': '/root/children/child2/children/grandkid',
             'keywordLocation': '/properties/root/$ref/oneOf/2/$ref/allOf/0/$ref/properties/children/additionalProperties/$ref/oneOf/2/$ref/allOf/0/$ref/properties/children/additionalProperties/$ref/oneOf/0/$ref/properties',
             'absoluteKeywordLocation': 'https://my.domain.com/rev00/tree#/$defs/leafA/properties',
             'error': "Properties ['type'] are invalid"},
            {'instanceLocation': '/root/children/child2/children/grandkid/type',
             'keywordLocation': '/properties/root/$ref/oneOf/2/$ref/allOf/0/$ref/properties/children/additionalProperties/$ref/oneOf/2/$ref/allOf/0/$ref/properties/children/additionalProperties/$ref/oneOf/0/$ref/properties/type/const',
             'absoluteKeywordLocation': 'https://my.domain.com/rev00/tree#/$defs/leafA/properties/type/const',
             'error': 'The instance value must be equal to the defined '
                      'constant'},
            {'instanceLocation': '/root/children/child2/children/grandkid',
             'keywordLocation': '/properties/root/$ref/oneOf/2/$ref/allOf/0/$ref/properties/children/additionalProperties/$ref/oneOf/2/$ref/allOf/0/$ref/properties/children/additionalProperties/$ref/oneOf/1/$ref/properties',
             'absoluteKeywordLocation': 'https://my.domain.com/rev00/tree#/$defs/leafB/properties',
             'error': "Properties ['type'] are invalid"},
            {'instanceLocation': '/root/children/child2/children/grandkid/type',
             'keywordLocation': '/properties/root/$ref/oneOf/2/$ref/allOf/0/$ref/properties/children/additionalProperties/$ref/oneOf/2/$ref/allOf/0/$ref/properties/children/additionalProperties/$ref/oneOf/1/$ref/properties/type/const',
             'absoluteKeywordLocation': 'https://my.domain.com/rev00/tree#/$defs/leafB/properties/type/const',
             'error': 'The instance value must be equal to the defined '
                      'constant'},
            {'instanceLocation': '/root/children/child2/children/grandkid',
             'keywordLocation': '/properties/root/$ref/oneOf/2/$ref/allOf/0/$ref/properties/children/additionalProperties/$ref/oneOf/2/$ref/allOf/0/$ref/properties/children/additionalProperties/$ref/oneOf/2/$ref/properties',
             'absoluteKeywordLocation': 'https://my.domain.com/rev00/tree#/$defs/containerA/properties',
             'error': "Properties ['type'] are invalid"},
            {'instanceLocation': '/root/children/child2/children/grandkid/type',
             'keywordLocation': '/properties/root/$ref/oneOf/2/$ref/allOf/0/$ref/properties/children/additionalProperties/$ref/oneOf/2/$ref/allOf/0/$ref/properties/children/additionalProperties/$ref/oneOf/2/$ref/properties/type/const',
             'absoluteKeywordLocation': 'https://my.domain.com/rev00/tree#/$defs/containerA/properties/type/const',
             'error': 'The instance value must be equal to the defined '
                      'constant'},
            {'instanceLocation': '/root/children/child2/children/grandkid',
             'keywordLocation': '/properties/root/$ref/oneOf/2/$ref/allOf/0/$ref/properties/children/additionalProperties/$ref/oneOf/2/$ref/allOf/0/$ref/properties/children/additionalProperties/$ref/oneOf/3/$ref/properties',
             'absoluteKeywordLocation': 'https://my.domain.com/rev00/tree#/$defs/containerB/properties',
             'error': "Properties ['type'] are invalid"},
            {'instanceLocation': '/root/children/child2/children/grandkid/type',
             'keywordLocation': '/properties/root/$ref/oneOf/2/$ref/allOf/0/$ref/properties/children/additionalProperties/$ref/oneOf/2/$ref/allOf/0/$ref/properties/children/additionalProperties/$ref/oneOf/3/$ref/properties/type/const',
             'absoluteKeywordLocation': 'https://my.domain.com/rev00/tree#/$defs/containerB/properties/type/const',
             'error': 'The instance value must be equal to the defined '
                      'constant'},
            {'instanceLocation': '/root/children/child2',
             'keywordLocation': '/properties/root/$ref/oneOf/2/$ref/allOf/0/$ref/properties/children/additionalProperties/$ref/oneOf/2/$ref/properties',
             'absoluteKeywordLocation': 'https://my.domain.com/rev00/tree#/$defs/containerA/properties',
             'error': "Properties ['type'] are invalid"},
            {'instanceLocation': '/root/children/child2/type',
             'keywordLocation': '/properties/root/$ref/oneOf/2/$ref/allOf/0/$ref/properties/children/additionalProperties/$ref/oneOf/2/$ref/properties/type/const',
             'absoluteKeywordLocation': 'https://my.domain.com/rev00/tree#/$defs/containerA/properties/type/const',
             'error': 'The instance value must be equal to the defined '
                      'constant'},
            {'instanceLocation': '/root/children/child2',
             'keywordLocation': '/properties/root/$ref/oneOf/2/$ref/allOf/0/$ref/properties/children/additionalProperties/$ref/oneOf/3/$ref/allOf',
             'absoluteKeywordLocation': 'https://my.domain.com/rev00/tree#/$defs/containerB/allOf',
             'error': 'The instance is invalid against subschemas [0]'},
            {'instanceLocation': '/root/children/child2',
             'keywordLocation': '/properties/root/$ref/oneOf/2/$ref/allOf/0/$ref/properties/children/additionalProperties/$ref/oneOf/3/$ref/allOf/0/$ref/properties',
             'absoluteKeywordLocation': 'https://my.domain.com/rev00/tree#/$defs/_container/properties',
             'error': "Properties ['children'] are invalid"},
            {'instanceLocation': '/root/children/child2/children',
             'keywordLocation': '/properties/root/$ref/oneOf/2/$ref/allOf/0/$ref/properties/children/additionalProperties/$ref/oneOf/3/$ref/allOf/0/$ref/properties/children/additionalProperties',
             'absoluteKeywordLocation': 'https://my.domain.com/rev00/tree#/$defs/_container/properties/children/additionalProperties',
             'error': ['grandkid']},
            {'instanceLocation': '/root/children/child2/children/grandkid',
             'keywordLocation': '/properties/root/$ref/oneOf/2/$ref/allOf/0/$ref/properties/children/additionalProperties/$ref/oneOf/3/$ref/allOf/0/$ref/properties/children/additionalProperties/$ref/oneOf',
             'absoluteKeywordLocation': 'https://my.domain.com/rev00/tree#/$defs/node/oneOf',
             'error': 'The instance must be valid against exactly one '
                      'subschema; it is valid against [] and invalid against '
                      '[0, 1, 2, 3]'},
            {'instanceLocation': '/root/children/child2/children/grandkid',
             'keywordLocation': '/properties/root/$ref/oneOf/2/$ref/allOf/0/$ref/properties/children/additionalProperties/$ref/oneOf/3/$ref/allOf/0/$ref/properties/children/additionalProperties/$ref/oneOf/0/$ref/required',
             'absoluteKeywordLocation': 'https://my.domain.com/rev00/tree#/$defs/leafA/required',
             'error': 'The object is missing required properties '
                      "['leafAProperty']"},
            {'instanceLocation': '/root/children/child2/children/grandkid',
             'keywordLocation': '/properties/root/$ref/oneOf/2/$ref/allOf/0/$ref/properties/children/additionalProperties/$ref/oneOf/3/$ref/allOf/0/$ref/properties/children/additionalProperties/$ref/oneOf/0/$ref/properties',
             'absoluteKeywordLocation': 'https://my.domain.com/rev00/tree#/$defs/leafA/properties',
             'error': "Properties ['type'] are invalid"},
            {'instanceLocation': '/root/children/child2/children/grandkid/type',
             'keywordLocation': '/properties/root/$ref/oneOf/2/$ref/allOf/0/$ref/properties/children/additionalProperties/$ref/oneOf/3/$ref/allOf/0/$ref/properties/children/additionalProperties/$ref/oneOf/0/$ref/properties/type/const',
             'absoluteKeywordLocation': 'https://my.domain.com/rev00/tree#/$defs/leafA/properties/type/const',
             'error': 'The instance value must be equal to the defined '
                      'constant'},
            {'instanceLocation': '/root/children/child2/children/grandkid',
             'keywordLocation': '/properties/root/$ref/oneOf/2/$ref/allOf/0/$ref/properties/children/additionalProperties/$ref/oneOf/3/$ref/allOf/0/$ref/properties/children/additionalProperties/$ref/oneOf/1/$ref/properties',
             'absoluteKeywordLocation': 'https://my.domain.com/rev00/tree#/$defs/leafB/properties',
             'error': "Properties ['type'] are invalid"},
            {'instanceLocation': '/root/children/child2/children/grandkid/type',
             'keywordLocation': '/properties/root/$ref/oneOf/2/$ref/allOf/0/$ref/properties/children/additionalProperties/$ref/oneOf/3/$ref/allOf/0/$ref/properties/children/additionalProperties/$ref/oneOf/1/$ref/properties/type/const',
             'absoluteKeywordLocation': 'https://my.domain.com/rev00/tree#/$defs/leafB/properties/type/const',
             'error': 'The instance value must be equal to the defined '
                      'constant'},
            {'instanceLocation': '/root/children/child2/children/grandkid',
             'keywordLocation': '/properties/root/$ref/oneOf/2/$ref/allOf/0/$ref/properties/children/additionalProperties/$ref/oneOf/3/$ref/allOf/0/$ref/properties/children/additionalProperties/$ref/oneOf/2/$ref/properties',
             'absoluteKeywordLocation': 'https://my.domain.com/rev00/tree#/$defs/containerA/properties',
             'error': "Properties ['type'] are invalid"},
            {'instanceLocation': '/root/children/child2/children/grandkid/type',
             'keywordLocation': '/properties/root/$ref/oneOf/2/$ref/allOf/0/$ref/properties/children/additionalProperties/$ref/oneOf/3/$ref/allOf/0/$ref/properties/children/additionalProperties/$ref/oneOf/2/$ref/properties/type/const',
             'absoluteKeywordLocation': 'https://my.domain.com/rev00/tree#/$defs/containerA/properties/type/const',
             'error': 'The instance value must be equal to the defined '
                      'constant'},
            {'instanceLocation': '/root/children/child2/children/grandkid',
             'keywordLocation': '/properties/root/$ref/oneOf/2/$ref/allOf/0/$ref/properties/children/additionalProperties/$ref/oneOf/3/$ref/allOf/0/$ref/properties/children/additionalProperties/$ref/oneOf/3/$ref/properties',
             'absoluteKeywordLocation': 'https://my.domain.com/rev00/tree#/$defs/containerB/properties',
             'error': "Properties ['type'] are invalid"},
            {'instanceLocation': '/root/children/child2/children/grandkid/type',
             'keywordLocation': '/properties/root/$ref/oneOf/2/$ref/allOf/0/$ref/properties/children/additionalProperties/$ref/oneOf/3/$ref/allOf/0/$ref/properties/children/additionalProperties/$ref/oneOf/3/$ref/properties/type/const',
             'absoluteKeywordLocation': 'https://my.domain.com/rev00/tree#/$defs/containerB/properties/type/const',
             'error': 'The instance value must be equal to the defined '
                      'constant'},
            {'instanceLocation': '/root',
             'keywordLocation': '/properties/root/$ref/oneOf/3/$ref/allOf',
             'absoluteKeywordLocation': 'https://my.domain.com/rev00/tree#/$defs/containerB/allOf',
             'error': 'The instance is invalid against subschemas [0]'},
            {'instanceLocation': '/root',
             'keywordLocation': '/properties/root/$ref/oneOf/3/$ref/allOf/0/$ref/properties',
             'absoluteKeywordLocation': 'https://my.domain.com/rev00/tree#/$defs/_container/properties',
             'error': "Properties ['children'] are invalid"},
            {'instanceLocation': '/root/children',
             'keywordLocation': '/properties/root/$ref/oneOf/3/$ref/allOf/0/$ref/properties/children/additionalProperties',
             'absoluteKeywordLocation': 'https://my.domain.com/rev00/tree#/$defs/_container/properties/children/additionalProperties',
             'error': ['child2']},
            {'instanceLocation': '/root/children/child2',
             'keywordLocation': '/properties/root/$ref/oneOf/3/$ref/allOf/0/$ref/properties/children/additionalProperties/$ref/oneOf',
             'absoluteKeywordLocation': 'https://my.domain.com/rev00/tree#/$defs/node/oneOf',
             'error': 'The instance must be valid against exactly one '
                      'subschema; it is valid against [] and invalid against '
                      '[0, 1, 2, 3]'},
            {'instanceLocation': '/root/children/child2',
             'keywordLocation': '/properties/root/$ref/oneOf/3/$ref/allOf/0/$ref/properties/children/additionalProperties/$ref/oneOf/0/$ref/required',
             'absoluteKeywordLocation': 'https://my.domain.com/rev00/tree#/$defs/leafA/required',
             'error': 'The object is missing required properties '
                      "['leafAProperty']"},
            {'instanceLocation': '/root/children/child2',
             'keywordLocation': '/properties/root/$ref/oneOf/3/$ref/allOf/0/$ref/properties/children/additionalProperties/$ref/oneOf/0/$ref/properties',
             'absoluteKeywordLocation': 'https://my.domain.com/rev00/tree#/$defs/leafA/properties',
             'error': "Properties ['type'] are invalid"},
            {'instanceLocation': '/root/children/child2/type',
             'keywordLocation': '/properties/root/$ref/oneOf/3/$ref/allOf/0/$ref/properties/children/additionalProperties/$ref/oneOf/0/$ref/properties/type/const',
             'absoluteKeywordLocation': 'https://my.domain.com/rev00/tree#/$defs/leafA/properties/type/const',
             'error': 'The instance value must be equal to the defined '
                      'constant'},
            {'instanceLocation': '/root/children/child2',
             'keywordLocation': '/properties/root/$ref/oneOf/3/$ref/allOf/0/$ref/properties/children/additionalProperties/$ref/oneOf/1/$ref/properties',
             'absoluteKeywordLocation': 'https://my.domain.com/rev00/tree#/$defs/leafB/properties',
             'error': "Properties ['type'] are invalid"},
            {'instanceLocation': '/root/children/child2/type',
             'keywordLocation': '/properties/root/$ref/oneOf/3/$ref/allOf/0/$ref/properties/children/additionalProperties/$ref/oneOf/1/$ref/properties/type/const',
             'absoluteKeywordLocation': 'https://my.domain.com/rev00/tree#/$defs/leafB/properties/type/const',
             'error': 'The instance value must be equal to the defined '
                      'constant'},
            {'instanceLocation': '/root/children/child2',
             'keywordLocation': '/properties/root/$ref/oneOf/3/$ref/allOf/0/$ref/properties/children/additionalProperties/$ref/oneOf/2/$ref/allOf',
             'absoluteKeywordLocation': 'https://my.domain.com/rev00/tree#/$defs/containerA/allOf',
             'error': 'The instance is invalid against subschemas [0]'},
            {'instanceLocation': '/root/children/child2',
             'keywordLocation': '/properties/root/$ref/oneOf/3/$ref/allOf/0/$ref/properties/children/additionalProperties/$ref/oneOf/2/$ref/allOf/0/$ref/properties',
             'absoluteKeywordLocation': 'https://my.domain.com/rev00/tree#/$defs/_container/properties',
             'error': "Properties ['children'] are invalid"},
            {'instanceLocation': '/root/children/child2/children',
             'keywordLocation': '/properties/root/$ref/oneOf/3/$ref/allOf/0/$ref/properties/children/additionalProperties/$ref/oneOf/2/$ref/allOf/0/$ref/properties/children/additionalProperties',
             'absoluteKeywordLocation': 'https://my.domain.com/rev00/tree#/$defs/_container/properties/children/additionalProperties',
             'error': ['grandkid']},
            {'instanceLocation': '/root/children/child2/children/grandkid',
             'keywordLocation': '/properties/root/$ref/oneOf/3/$ref/allOf/0/$ref/properties/children/additionalProperties/$ref/oneOf/2/$ref/allOf/0/$ref/properties/children/additionalProperties/$ref/oneOf',
             'absoluteKeywordLocation': 'https://my.domain.com/rev00/tree#/$defs/node/oneOf',
             'error': 'The instance must be valid against exactly one '
                      'subschema; it is valid against [] and invalid against '
                      '[0, 1, 2, 3]'},
            {'instanceLocation': '/root/children/child2/children/grandkid',
             'keywordLocation': '/properties/root/$ref/oneOf/3/$ref/allOf/0/$ref/properties/children/additionalProperties/$ref/oneOf/2/$ref/allOf/0/$ref/properties/children/additionalProperties/$ref/oneOf/0/$ref/required',
             'absoluteKeywordLocation': 'https://my.domain.com/rev00/tree#/$defs/leafA/required',
             'error': 'The object is missing required properties '
                      "['leafAProperty']"},
            {'instanceLocation': '/root/children/child2/children/grandkid',
             'keywordLocation': '/properties/root/$ref/oneOf/3/$ref/allOf/0/$ref/properties/children/additionalProperties/$ref/oneOf/2/$ref/allOf/0/$ref/properties/children/additionalProperties/$ref/oneOf/0/$ref/properties',
             'absoluteKeywordLocation': 'https://my.domain.com/rev00/tree#/$defs/leafA/properties',
             'error': "Properties ['type'] are invalid"},
            {'instanceLocation': '/root/children/child2/children/grandkid/type',
             'keywordLocation': '/properties/root/$ref/oneOf/3/$ref/allOf/0/$ref/properties/children/additionalProperties/$ref/oneOf/2/$ref/allOf/0/$ref/properties/children/additionalProperties/$ref/oneOf/0/$ref/properties/type/const',
             'absoluteKeywordLocation': 'https://my.domain.com/rev00/tree#/$defs/leafA/properties/type/const',
             'error': 'The instance value must be equal to the defined '
                      'constant'},
            {'instanceLocation': '/root/children/child2/children/grandkid',
             'keywordLocation': '/properties/root/$ref/oneOf/3/$ref/allOf/0/$ref/properties/children/additionalProperties/$ref/oneOf/2/$ref/allOf/0/$ref/properties/children/additionalProperties/$ref/oneOf/1/$ref/properties',
             'absoluteKeywordLocation': 'https://my.domain.com/rev00/tree#/$defs/leafB/properties',
             'error': "Properties ['type'] are invalid"},
            {'instanceLocation': '/root/children/child2/children/grandkid/type',
             'keywordLocation': '/properties/root/$ref/oneOf/3/$ref/allOf/0/$ref/properties/children/additionalProperties/$ref/oneOf/2/$ref/allOf/0/$ref/properties/children/additionalProperties/$ref/oneOf/1/$ref/properties/type/const',
             'absoluteKeywordLocation': 'https://my.domain.com/rev00/tree#/$defs/leafB/properties/type/const',
             'error': 'The instance value must be equal to the defined '
                      'constant'},
            {'instanceLocation': '/root/children/child2/children/grandkid',
             'keywordLocation': '/properties/root/$ref/oneOf/3/$ref/allOf/0/$ref/properties/children/additionalProperties/$ref/oneOf/2/$ref/allOf/0/$ref/properties/children/additionalProperties/$ref/oneOf/2/$ref/properties',
             'absoluteKeywordLocation': 'https://my.domain.com/rev00/tree#/$defs/containerA/properties',
             'error': "Properties ['type'] are invalid"},
            {'instanceLocation': '/root/children/child2/children/grandkid/type',
             'keywordLocation': '/properties/root/$ref/oneOf/3/$ref/allOf/0/$ref/properties/children/additionalProperties/$ref/oneOf/2/$ref/allOf/0/$ref/properties/children/additionalProperties/$ref/oneOf/2/$ref/properties/type/const',
             'absoluteKeywordLocation': 'https://my.domain.com/rev00/tree#/$defs/containerA/properties/type/const',
             'error': 'The instance value must be equal to the defined '
                      'constant'},
            {'instanceLocation': '/root/children/child2/children/grandkid',
             'keywordLocation': '/properties/root/$ref/oneOf/3/$ref/allOf/0/$ref/properties/children/additionalProperties/$ref/oneOf/2/$ref/allOf/0/$ref/properties/children/additionalProperties/$ref/oneOf/3/$ref/properties',
             'absoluteKeywordLocation': 'https://my.domain.com/rev00/tree#/$defs/containerB/properties',
             'error': "Properties ['type'] are invalid"},
            {'instanceLocation': '/root/children/child2/children/grandkid/type',
             'keywordLocation': '/properties/root/$ref/oneOf/3/$ref/allOf/0/$ref/properties/children/additionalProperties/$ref/oneOf/2/$ref/allOf/0/$ref/properties/children/additionalProperties/$ref/oneOf/3/$ref/properties/type/const',
             'absoluteKeywordLocation': 'https://my.domain.com/rev00/tree#/$defs/containerB/properties/type/const',
             'error': 'The instance value must be equal to the defined '
                      'constant'},
            {'instanceLocation': '/root/children/child2',
             'keywordLocation': '/properties/root/$ref/oneOf/3/$ref/allOf/0/$ref/properties/children/additionalProperties/$ref/oneOf/2/$ref/properties',
             'absoluteKeywordLocation': 'https://my.domain.com/rev00/tree#/$defs/containerA/properties',
             'error': "Properties ['type'] are invalid"},
            {'instanceLocation': '/root/children/child2/type',
             'keywordLocation': '/properties/root/$ref/oneOf/3/$ref/allOf/0/$ref/properties/children/additionalProperties/$ref/oneOf/2/$ref/properties/type/const',
             'absoluteKeywordLocation': 'https://my.domain.com/rev00/tree#/$defs/containerA/properties/type/const',
             'error': 'The instance value must be equal to the defined '
                      'constant'},
            {'instanceLocation': '/root/children/child2',
             'keywordLocation': '/properties/root/$ref/oneOf/3/$ref/allOf/0/$ref/properties/children/additionalProperties/$ref/oneOf/3/$ref/allOf',
             'absoluteKeywordLocation': 'https://my.domain.com/rev00/tree#/$defs/containerB/allOf',
             'error': 'The instance is invalid against subschemas [0]'},
            {'instanceLocation': '/root/children/child2',
             'keywordLocation': '/properties/root/$ref/oneOf/3/$ref/allOf/0/$ref/properties/children/additionalProperties/$ref/oneOf/3/$ref/allOf/0/$ref/properties',
             'absoluteKeywordLocation': 'https://my.domain.com/rev00/tree#/$defs/_container/properties',
             'error': "Properties ['children'] are invalid"},
            {'instanceLocation': '/root/children/child2/children',
             'keywordLocation': '/properties/root/$ref/oneOf/3/$ref/allOf/0/$ref/properties/children/additionalProperties/$ref/oneOf/3/$ref/allOf/0/$ref/properties/children/additionalProperties',
             'absoluteKeywordLocation': 'https://my.domain.com/rev00/tree#/$defs/_container/properties/children/additionalProperties',
             'error': ['grandkid']},
            {'instanceLocation': '/root/children/child2/children/grandkid',
             'keywordLocation': '/properties/root/$ref/oneOf/3/$ref/allOf/0/$ref/properties/children/additionalProperties/$ref/oneOf/3/$ref/allOf/0/$ref/properties/children/additionalProperties/$ref/oneOf',
             'absoluteKeywordLocation': 'https://my.domain.com/rev00/tree#/$defs/node/oneOf',
             'error': 'The instance must be valid against exactly one '
                      'subschema; it is valid against [] and invalid against '
                      '[0, 1, 2, 3]'},
            {'instanceLocation': '/root/children/child2/children/grandkid',
             'keywordLocation': '/properties/root/$ref/oneOf/3/$ref/allOf/0/$ref/properties/children/additionalProperties/$ref/oneOf/3/$ref/allOf/0/$ref/properties/children/additionalProperties/$ref/oneOf/0/$ref/required',
             'absoluteKeywordLocation': 'https://my.domain.com/rev00/tree#/$defs/leafA/required',
             'error': 'The object is missing required properties '
                      "['leafAProperty']"},
            {'instanceLocation': '/root/children/child2/children/grandkid',
             'keywordLocation': '/properties/root/$ref/oneOf/3/$ref/allOf/0/$ref/properties/children/additionalProperties/$ref/oneOf/3/$ref/allOf/0/$ref/properties/children/additionalProperties/$ref/oneOf/0/$ref/properties',
             'absoluteKeywordLocation': 'https://my.domain.com/rev00/tree#/$defs/leafA/properties',
             'error': "Properties ['type'] are invalid"},
            {'instanceLocation': '/root/children/child2/children/grandkid/type',
             'keywordLocation': '/properties/root/$ref/oneOf/3/$ref/allOf/0/$ref/properties/children/additionalProperties/$ref/oneOf/3/$ref/allOf/0/$ref/properties/children/additionalProperties/$ref/oneOf/0/$ref/properties/type/const',
             'absoluteKeywordLocation': 'https://my.domain.com/rev00/tree#/$defs/leafA/properties/type/const',
             'error': 'The instance value must be equal to the defined '
                      'constant'},
            {'instanceLocation': '/root/children/child2/children/grandkid',
             'keywordLocation': '/properties/root/$ref/oneOf/3/$ref/allOf/0/$ref/properties/children/additionalProperties/$ref/oneOf/3/$ref/allOf/0/$ref/properties/children/additionalProperties/$ref/oneOf/1/$ref/properties',
             'absoluteKeywordLocation': 'https://my.domain.com/rev00/tree#/$defs/leafB/properties',
             'error': "Properties ['type'] are invalid"},
            {'instanceLocation': '/root/children/child2/children/grandkid/type',
             'keywordLocation': '/properties/root/$ref/oneOf/3/$ref/allOf/0/$ref/properties/children/additionalProperties/$ref/oneOf/3/$ref/allOf/0/$ref/properties/children/additionalProperties/$ref/oneOf/1/$ref/properties/type/const',
             'absoluteKeywordLocation': 'https://my.domain.com/rev00/tree#/$defs/leafB/properties/type/const',
             'error': 'The instance value must be equal to the defined '
                      'constant'},
            {'instanceLocation': '/root/children/child2/children/grandkid',
             'keywordLocation': '/properties/root/$ref/oneOf/3/$ref/allOf/0/$ref/properties/children/additionalProperties/$ref/oneOf/3/$ref/allOf/0/$ref/properties/children/additionalProperties/$ref/oneOf/2/$ref/properties',
             'absoluteKeywordLocation': 'https://my.domain.com/rev00/tree#/$defs/containerA/properties',
             'error': "Properties ['type'] are invalid"},
            {'instanceLocation': '/root/children/child2/children/grandkid/type',
             'keywordLocation': '/properties/root/$ref/oneOf/3/$ref/allOf/0/$ref/properties/children/additionalProperties/$ref/oneOf/3/$ref/allOf/0/$ref/properties/children/additionalProperties/$ref/oneOf/2/$ref/properties/type/const',
             'absoluteKeywordLocation': 'https://my.domain.com/rev00/tree#/$defs/containerA/properties/type/const',
             'error': 'The instance value must be equal to the defined '
                      'constant'},
            {'instanceLocation': '/root/children/child2/children/grandkid',
             'keywordLocation': '/properties/root/$ref/oneOf/3/$ref/allOf/0/$ref/properties/children/additionalProperties/$ref/oneOf/3/$ref/allOf/0/$ref/properties/children/additionalProperties/$ref/oneOf/3/$ref/properties',
             'absoluteKeywordLocation': 'https://my.domain.com/rev00/tree#/$defs/containerB/properties',
             'error': "Properties ['type'] are invalid"},
            {'instanceLocation': '/root/children/child2/children/grandkid/type',
             'keywordLocation': '/properties/root/$ref/oneOf/3/$ref/allOf/0/$ref/properties/children/additionalProperties/$ref/oneOf/3/$ref/allOf/0/$ref/properties/children/additionalProperties/$ref/oneOf/3/$ref/properties/type/const',
             'absoluteKeywordLocation': 'https://my.domain.com/rev00/tree#/$defs/containerB/properties/type/const',
             'error': 'The instance value must be equal to the defined '
                      'constant'},
            {'instanceLocation': '/root',
             'keywordLocation': '/properties/root/$ref/oneOf/3/$ref/properties',
             'absoluteKeywordLocation': 'https://my.domain.com/rev00/tree#/$defs/containerB/properties',
             'error': "Properties ['type'] are invalid"},
            {'instanceLocation': '/root/type',
             'keywordLocation': '/properties/root/$ref/oneOf/3/$ref/properties/type/const',
             'absoluteKeywordLocation': 'https://my.domain.com/rev00/tree#/$defs/containerB/properties/type/const',
             'error': 'The instance value must be equal to the defined '
                      'constant'}]}
